<?xml version="1.0" encoding="UTF-8"?>
<!-- Generated by org.testng.reporters.JUnitReportReporter -->
<testsuite hostname="sabira-PC" name="com.vtiger.TestScripts.CreateLeadTest" tests="1" failures="0" timestamp="18 Jun 2020 12:57:27 GMT" time="20.851" errors="0">
  <testcase name="CreateLead" time="20.851" classname="com.vtiger.TestScripts.CreateLeadTest"/>
</testsuite> <!-- com.vtiger.TestScripts.CreateLeadTest -->
