<?xml version="1.0" encoding="UTF-8"?>
<!-- Generated by org.testng.reporters.JUnitReportReporter -->
<testsuite hostname="sabira-PC" name="com.vtiger.TestScripts.CreateCampaign" tests="1" failures="0" timestamp="17 Jun 2020 10:52:32 GMT" time="44.668" errors="0">
  <testcase name="CreateCampaign" time="44.668" classname="com.vtiger.TestScripts.CreateCampaign"/>
</testsuite> <!-- com.vtiger.TestScripts.CreateCampaign -->
