<?xml version="1.0" encoding="UTF-8"?>
<!-- Generated by org.testng.reporters.JUnitReportReporter -->
<testsuite hostname="sabira-PC" name="com.vtiger.TestScripts.CreateProductTest" tests="1" failures="0" timestamp="20 Jun 2020 15:21:04 GMT" time="30.937" errors="0">
  <testcase name="CreateProduct" time="30.937" classname="com.vtiger.TestScripts.CreateProductTest"/>
</testsuite> <!-- com.vtiger.TestScripts.CreateProductTest -->
