<?xml version="1.0" encoding="UTF-8"?>
<!-- Generated by org.testng.reporters.JUnitReportReporter -->
<testsuite hostname="sabira-PC" name="com.vtiger.TestScripts.CreateCampaignTest" tests="1" failures="0" timestamp="18 Jun 2020 17:31:15 GMT" time="19.949" errors="0">
  <testcase name="CreateCampaign" time="19.949" classname="com.vtiger.TestScripts.CreateCampaignTest"/>
</testsuite> <!-- com.vtiger.TestScripts.CreateCampaignTest -->
